Build started 10/24/2012 8:13:24 AM.
     1>Project "C:\Users\abruce\Desktop\fix_example\fix_example\fix_example.vcxproj" on node 2 (build target(s)).
     1>InitializeBuildStatus:
         Creating "Debug\fix_example.unsuccessfulbuild" because "AlwaysCreate" was specified.
       ClCompile:
         c:\Program Files (x86)\Microsoft Visual Studio 10.0\VC\bin\CL.exe /c /IC:\Users\abruce\Desktop\fix_example\fix_example\quickfix\include /ZI /nologo /W3 /WX- /Od /Oy- /D _ITERATOR_DEBUG_LEVEL=0 /D _MBCS /Gm /EHsc /RTC1 /MDd /GS /fp:precise /Zc:wchar_t /Zc:forScope /Fo"Debug\\" /Fd"Debug\vc100.pdb" /Gd /TP /analyze- /errorReport:prompt fix_application.cpp main.cpp
         main.cpp
         fix_application.cpp
         Generating Code...
       Link:
         c:\Program Files (x86)\Microsoft Visual Studio 10.0\VC\bin\link.exe /ERRORREPORT:PROMPT /OUT:"C:\Users\abruce\Desktop\fix_example\Debug\fix_example.exe" /NOLOGO /LIBPATH:C:\Users\abruce\Desktop\fix_example\fix_example\quickfix\lib quickfix.lib ws2_32.lib kernel32.lib user32.lib gdi32.lib winspool.lib comdlg32.lib advapi32.lib shell32.lib ole32.lib oleaut32.lib uuid.lib odbc32.lib odbccp32.lib /MANIFEST /ManifestFile:"Debug\fix_example.exe.intermediate.manifest" /MANIFESTUAC:"level='asInvoker' uiAccess='false'" /PDB:"C:\Users\abruce\Desktop\fix_example\Debug\fix_example.pdb" /TLBID:1 /DYNAMICBASE /NXCOMPAT /IMPLIB:"C:\Users\abruce\Desktop\fix_example\Debug\fix_example.lib" /MACHINE:X86 Debug\fix_application.obj
         Debug\main.obj
     1>fix_application.obj : warning LNK4075: ignoring '/EDITANDCONTINUE' due to '/OPT:ICF' specification
     1>LINK : warning LNK4098: defaultlib 'MSVCRT' conflicts with use of other libs; use /NODEFAULTLIB:library
         fix_example.vcxproj -> C:\Users\abruce\Desktop\fix_example\Debug\fix_example.exe
       Manifest:
         C:\Program Files (x86)\Microsoft SDKs\Windows\v7.0A\bin\mt.exe /nologo /verbose /outputresource:"C:\Users\abruce\Desktop\fix_example\Debug\fix_example.exe;#1" /manifest Debug\fix_example.exe.intermediate.manifest
       FinalizeBuildStatus:
         Deleting file "Debug\fix_example.unsuccessfulbuild".
         Touching "Debug\fix_example.lastbuildstate".
     1>Done Building Project "C:\Users\abruce\Desktop\fix_example\fix_example\fix_example.vcxproj" (build target(s)).

Build succeeded.

Time Elapsed 00:00:10.30
